<?xml version="1.0" encoding="UTF-8"?>
<testng-results ignored="0" total="1" passed="1" failed="0" skipped="0">
  <reporter-output>
  </reporter-output>
  <suite started-at="2024-10-19T14:25:49 IST" name="Default suite" finished-at="2024-10-19T14:27:29 IST" duration-ms="100067">
    <groups>
    </groups>
    <test started-at="2024-10-19T14:25:49 IST" name="Default test" finished-at="2024-10-19T14:27:29 IST" duration-ms="100067">
      <class name="iTestcasesForCaptcha.AdminWithChallengeSystem">
        <test-method is-config="true" signature="beforeSuite()[pri:0, instance:iTestcasesForCaptcha.AdminWithChallengeSystem@4201c465]" started-at="2024-10-19T14:25:46 IST" name="beforeSuite" finished-at="2024-10-19T14:25:49 IST" duration-ms="2637" status="PASS">
          <reporter-output>
          </reporter-output>
        </test-method> <!-- beforeSuite -->
        <test-method is-config="true" signature="beforeTest()[pri:0, instance:iTestcasesForCaptcha.AdminWithChallengeSystem@4201c465]" started-at="2024-10-19T14:25:49 IST" name="beforeTest" finished-at="2024-10-19T14:25:49 IST" duration-ms="2" status="PASS">
          <reporter-output>
          </reporter-output>
        </test-method> <!-- beforeTest -->
        <test-method is-config="true" signature="setData()[pri:0, instance:iTestcasesForCaptcha.AdminWithChallengeSystem@4201c465]" started-at="2024-10-19T14:25:49 IST" name="setData" finished-at="2024-10-19T14:25:50 IST" duration-ms="811" status="PASS">
          <reporter-output>
          </reporter-output>
        </test-method> <!-- setData -->
        <test-method is-config="true" signature="beforeMethod()[pri:0, instance:iTestcasesForCaptcha.AdminWithChallengeSystem@4201c465]" started-at="2024-10-19T14:25:50 IST" name="beforeMethod" finished-at="2024-10-19T14:25:50 IST" duration-ms="1" status="PASS">
          <reporter-output>
          </reporter-output>
        </test-method> <!-- beforeMethod -->
        <test-method signature="adminWithChallenge(java.lang.String,java.lang.String,java.lang.String,java.lang.String,java.lang.String,java.lang.String,java.lang.String,java.lang.String,java.lang.String,java.lang.String,java.lang.String,java.lang.String)[pri:0, instance:iTestcasesForCaptcha.AdminWithChallengeSystem@4201c465]" started-at="2024-10-19T14:25:50 IST" name="adminWithChallenge" data-provider="fetchData" finished-at="2024-10-19T14:27:29 IST" duration-ms="99016" status="PASS">
          <params>
            <param index="0">
              <value>
                <![CDATA[http://202.191.132.32/postCommon//adminlogin.php]]>
              </value>
            </param>
            <param index="1">
              <value>
                <![CDATA[ossscadmin]]>
              </value>
            </param>
            <param index="2">
              <value>
                <![CDATA[ossscadmin]]>
              </value>
            </param>
            <param index="3">
              <value>
                <![CDATA[https://regdemo.sifyitest.com/ossscjul24/ccgsc_oct24/login.php?appid=c919cf86419474966b3bd2929dbbc4f8]]>
              </value>
            </param>
            <param index="4">
              <value>
                <![CDATA[02_10_2024]]>
              </value>
            </param>
            <param index="5">
              <value>
                <![CDATA[100]]>
              </value>
            </param>
            <param index="6">
              <value>
                <![CDATA[143]]>
              </value>
            </param>
            <param index="7">
              <value>
                <![CDATA[KH93823CRE400022915]]>
              </value>
            </param>
            <param index="8">
              <value>
                <![CDATA[01061990]]>
              </value>
            </param>
            <param index="9">
              <value>
                <![CDATA[02-10-2024]]>
              </value>
            </param>
            <param index="10">
              <value>
                <![CDATA[http://202.191.132.32/postExam/qp_check_dashboard.php?exam=b3Nzc2Nkcml2ZXR3bw==]]>
              </value>
            </param>
            <param index="11">
              <value>
                <![CDATA[http://202.191.132.32/postExam/reportsFile/audit_report.php]]>
              </value>
            </param>
          </params>
          <reporter-output>
          </reporter-output>
        </test-method> <!-- adminWithChallenge -->
        <test-method is-config="true" signature="afterMethod()[pri:0, instance:iTestcasesForCaptcha.AdminWithChallengeSystem@4201c465]" started-at="2024-10-19T14:27:29 IST" name="afterMethod" finished-at="2024-10-19T14:27:29 IST" duration-ms="1" status="PASS">
          <reporter-output>
          </reporter-output>
        </test-method> <!-- afterMethod -->
        <test-method is-config="true" signature="afterTest()[pri:0, instance:iTestcasesForCaptcha.AdminWithChallengeSystem@4201c465]" started-at="2024-10-19T14:27:29 IST" name="afterTest" finished-at="2024-10-19T14:27:29 IST" duration-ms="1" status="PASS">
          <reporter-output>
          </reporter-output>
        </test-method> <!-- afterTest -->
        <test-method is-config="true" signature="afterSuite()[pri:0, instance:iTestcasesForCaptcha.AdminWithChallengeSystem@4201c465]" started-at="2024-10-19T14:27:29 IST" name="afterSuite" finished-at="2024-10-19T14:27:29 IST" duration-ms="469" status="PASS">
          <reporter-output>
          </reporter-output>
        </test-method> <!-- afterSuite -->
      </class> <!-- iTestcasesForCaptcha.AdminWithChallengeSystem -->
    </test> <!-- Default test -->
  </suite> <!-- Default suite -->
</testng-results>
