<?xml version="1.0" encoding="UTF-8"?>
<!-- Generated by org.testng.reporters.JUnitReportReporter -->
<testsuite hostname="MAA017906A" failures="0" tests="40" name="iTestcasesForCaptcha.ChallengeSystemWithMaster" time="2923.781" errors="0" timestamp="2024-10-19T12:47:52 IST" skipped="0">
  <testcase classname="iTestcasesForCaptcha.ChallengeSystemWithMaster" name="challengeSystemWithMaster" time="64.446"/>
  <testcase classname="iTestcasesForCaptcha.ChallengeSystemWithMaster" name="challengeSystemWithMaster" time="67.992"/>
  <testcase classname="iTestcasesForCaptcha.ChallengeSystemWithMaster" name="challengeSystemWithMaster" time="75.782"/>
  <testcase classname="iTestcasesForCaptcha.ChallengeSystemWithMaster" name="challengeSystemWithMaster" time="70.397"/>
  <testcase classname="iTestcasesForCaptcha.ChallengeSystemWithMaster" name="challengeSystemWithMaster" time="71.485"/>
  <testcase classname="iTestcasesForCaptcha.ChallengeSystemWithMaster" name="challengeSystemWithMaster" time="65.776"/>
  <testcase classname="iTestcasesForCaptcha.ChallengeSystemWithMaster" name="challengeSystemWithMaster" time="75.195"/>
  <testcase classname="iTestcasesForCaptcha.ChallengeSystemWithMaster" name="challengeSystemWithMaster" time="106.645"/>
  <testcase classname="iTestcasesForCaptcha.ChallengeSystemWithMaster" name="challengeSystemWithMaster" time="68.020"/>
  <testcase classname="iTestcasesForCaptcha.ChallengeSystemWithMaster" name="challengeSystemWithMaster" time="71.786"/>
  <testcase classname="iTestcasesForCaptcha.ChallengeSystemWithMaster" name="challengeSystemWithMaster" time="78.256"/>
  <testcase classname="iTestcasesForCaptcha.ChallengeSystemWithMaster" name="challengeSystemWithMaster" time="74.868"/>
  <testcase classname="iTestcasesForCaptcha.ChallengeSystemWithMaster" name="challengeSystemWithMaster" time="65.905"/>
  <testcase classname="iTestcasesForCaptcha.ChallengeSystemWithMaster" name="challengeSystemWithMaster" time="70.259"/>
  <testcase classname="iTestcasesForCaptcha.ChallengeSystemWithMaster" name="challengeSystemWithMaster" time="70.019"/>
  <testcase classname="iTestcasesForCaptcha.ChallengeSystemWithMaster" name="challengeSystemWithMaster" time="70.912"/>
  <testcase classname="iTestcasesForCaptcha.ChallengeSystemWithMaster" name="challengeSystemWithMaster" time="88.313"/>
  <testcase classname="iTestcasesForCaptcha.ChallengeSystemWithMaster" name="challengeSystemWithMaster" time="70.023"/>
  <testcase classname="iTestcasesForCaptcha.ChallengeSystemWithMaster" name="challengeSystemWithMaster" time="79.357"/>
  <testcase classname="iTestcasesForCaptcha.ChallengeSystemWithMaster" name="challengeSystemWithMaster" time="69.931"/>
  <testcase classname="iTestcasesForCaptcha.ChallengeSystemWithMaster" name="challengeSystemWithMaster" time="79.804"/>
  <testcase classname="iTestcasesForCaptcha.ChallengeSystemWithMaster" name="challengeSystemWithMaster" time="68.836"/>
  <testcase classname="iTestcasesForCaptcha.ChallengeSystemWithMaster" name="challengeSystemWithMaster" time="117.475"/>
  <testcase classname="iTestcasesForCaptcha.ChallengeSystemWithMaster" name="challengeSystemWithMaster" time="72.024"/>
  <testcase classname="iTestcasesForCaptcha.ChallengeSystemWithMaster" name="challengeSystemWithMaster" time="65.012"/>
  <testcase classname="iTestcasesForCaptcha.ChallengeSystemWithMaster" name="challengeSystemWithMaster" time="65.185"/>
  <testcase classname="iTestcasesForCaptcha.ChallengeSystemWithMaster" name="challengeSystemWithMaster" time="70.536"/>
  <testcase classname="iTestcasesForCaptcha.ChallengeSystemWithMaster" name="challengeSystemWithMaster" time="73.119"/>
  <testcase classname="iTestcasesForCaptcha.ChallengeSystemWithMaster" name="challengeSystemWithMaster" time="64.857"/>
  <testcase classname="iTestcasesForCaptcha.ChallengeSystemWithMaster" name="challengeSystemWithMaster" time="71.044"/>
  <testcase classname="iTestcasesForCaptcha.ChallengeSystemWithMaster" name="challengeSystemWithMaster" time="77.039"/>
  <testcase classname="iTestcasesForCaptcha.ChallengeSystemWithMaster" name="challengeSystemWithMaster" time="64.799"/>
  <testcase classname="iTestcasesForCaptcha.ChallengeSystemWithMaster" name="challengeSystemWithMaster" time="72.156"/>
  <testcase classname="iTestcasesForCaptcha.ChallengeSystemWithMaster" name="challengeSystemWithMaster" time="70.407"/>
  <testcase classname="iTestcasesForCaptcha.ChallengeSystemWithMaster" name="challengeSystemWithMaster" time="72.812"/>
  <testcase classname="iTestcasesForCaptcha.ChallengeSystemWithMaster" name="challengeSystemWithMaster" time="76.286"/>
  <testcase classname="iTestcasesForCaptcha.ChallengeSystemWithMaster" name="challengeSystemWithMaster" time="62.215"/>
  <testcase classname="iTestcasesForCaptcha.ChallengeSystemWithMaster" name="challengeSystemWithMaster" time="65.218"/>
  <testcase classname="iTestcasesForCaptcha.ChallengeSystemWithMaster" name="challengeSystemWithMaster" time="72.632"/>
  <testcase classname="iTestcasesForCaptcha.ChallengeSystemWithMaster" name="challengeSystemWithMaster" time="66.958"/>
</testsuite> <!-- iTestcasesForCaptcha.ChallengeSystemWithMaster -->
