<?xml version="1.0" encoding="UTF-8"?>
<!-- Generated by org.testng.reporters.JUnitReportReporter -->
<testsuite hostname="MAA017906A" failures="0" tests="48" name="iTestcasesForCaptcha.FinalFormat" time="2444.628" errors="0" timestamp="2024-08-23T10:21:12 IST" skipped="0">
  <testcase classname="iTestcasesForCaptcha.FinalFormat" name="adminLogin" time="49.450"/>
  <testcase classname="iTestcasesForCaptcha.FinalFormat" name="adminLogin" time="50.059"/>
  <testcase classname="iTestcasesForCaptcha.FinalFormat" name="adminLogin" time="50.737"/>
  <testcase classname="iTestcasesForCaptcha.FinalFormat" name="adminLogin" time="50.572"/>
  <testcase classname="iTestcasesForCaptcha.FinalFormat" name="adminLogin" time="49.960"/>
  <testcase classname="iTestcasesForCaptcha.FinalFormat" name="adminLogin" time="49.529"/>
  <testcase classname="iTestcasesForCaptcha.FinalFormat" name="adminLogin" time="52.872"/>
  <testcase classname="iTestcasesForCaptcha.FinalFormat" name="adminLogin" time="49.021"/>
  <testcase classname="iTestcasesForCaptcha.FinalFormat" name="adminLogin" time="50.449"/>
  <testcase classname="iTestcasesForCaptcha.FinalFormat" name="adminLogin" time="58.026"/>
  <testcase classname="iTestcasesForCaptcha.FinalFormat" name="adminLogin" time="55.380"/>
  <testcase classname="iTestcasesForCaptcha.FinalFormat" name="adminLogin" time="50.103"/>
  <testcase classname="iTestcasesForCaptcha.FinalFormat" name="adminLogin" time="51.472"/>
  <testcase classname="iTestcasesForCaptcha.FinalFormat" name="adminLogin" time="50.945"/>
  <testcase classname="iTestcasesForCaptcha.FinalFormat" name="adminLogin" time="48.953"/>
  <testcase classname="iTestcasesForCaptcha.FinalFormat" name="adminLogin" time="52.058"/>
  <testcase classname="iTestcasesForCaptcha.FinalFormat" name="adminLogin" time="50.628"/>
  <testcase classname="iTestcasesForCaptcha.FinalFormat" name="adminLogin" time="50.121"/>
  <testcase classname="iTestcasesForCaptcha.FinalFormat" name="adminLogin" time="52.327"/>
  <testcase classname="iTestcasesForCaptcha.FinalFormat" name="adminLogin" time="49.880"/>
  <testcase classname="iTestcasesForCaptcha.FinalFormat" name="adminLogin" time="49.193"/>
  <testcase classname="iTestcasesForCaptcha.FinalFormat" name="adminLogin" time="49.475"/>
  <testcase classname="iTestcasesForCaptcha.FinalFormat" name="adminLogin" time="50.755"/>
  <testcase classname="iTestcasesForCaptcha.FinalFormat" name="adminLogin" time="51.591"/>
  <testcase classname="iTestcasesForCaptcha.FinalFormat" name="adminLogin" time="50.312"/>
  <testcase classname="iTestcasesForCaptcha.FinalFormat" name="adminLogin" time="50.848"/>
  <testcase classname="iTestcasesForCaptcha.FinalFormat" name="adminLogin" time="49.720"/>
  <testcase classname="iTestcasesForCaptcha.FinalFormat" name="adminLogin" time="49.826"/>
  <testcase classname="iTestcasesForCaptcha.FinalFormat" name="adminLogin" time="50.124"/>
  <testcase classname="iTestcasesForCaptcha.FinalFormat" name="adminLogin" time="51.568"/>
  <testcase classname="iTestcasesForCaptcha.FinalFormat" name="adminLogin" time="51.305"/>
  <testcase classname="iTestcasesForCaptcha.FinalFormat" name="adminLogin" time="50.738"/>
  <testcase classname="iTestcasesForCaptcha.FinalFormat" name="adminLogin" time="52.538"/>
  <testcase classname="iTestcasesForCaptcha.FinalFormat" name="adminLogin" time="50.342"/>
  <testcase classname="iTestcasesForCaptcha.FinalFormat" name="adminLogin" time="50.784"/>
  <testcase classname="iTestcasesForCaptcha.FinalFormat" name="adminLogin" time="51.326"/>
  <testcase classname="iTestcasesForCaptcha.FinalFormat" name="adminLogin" time="50.020"/>
  <testcase classname="iTestcasesForCaptcha.FinalFormat" name="adminLogin" time="50.521"/>
  <testcase classname="iTestcasesForCaptcha.FinalFormat" name="adminLogin" time="52.678"/>
  <testcase classname="iTestcasesForCaptcha.FinalFormat" name="adminLogin" time="52.160"/>
  <testcase classname="iTestcasesForCaptcha.FinalFormat" name="adminLogin" time="49.860"/>
  <testcase classname="iTestcasesForCaptcha.FinalFormat" name="adminLogin" time="49.791"/>
  <testcase classname="iTestcasesForCaptcha.FinalFormat" name="adminLogin" time="50.381"/>
  <testcase classname="iTestcasesForCaptcha.FinalFormat" name="adminLogin" time="50.868"/>
  <testcase classname="iTestcasesForCaptcha.FinalFormat" name="adminLogin" time="51.114"/>
  <testcase classname="iTestcasesForCaptcha.FinalFormat" name="adminLogin" time="52.231"/>
  <testcase classname="iTestcasesForCaptcha.FinalFormat" name="adminLogin" time="48.628"/>
  <testcase classname="iTestcasesForCaptcha.FinalFormat" name="adminLogin" time="53.389"/>
</testsuite> <!-- iTestcasesForCaptcha.FinalFormat -->
